1484517354850	geckodriver	INFO	Listening on 127.0.0.1:53271
1484517355526	mozprofile::profile	INFO	Using profile path /var/folders/d2/khk61l154lj3gwxrh6bldpr80000gn/T/rust_mozprofile.F9yITUwE1Dri
1484517355574	geckodriver::marionette	INFO	Starting browser /Applications/Firefox.app/Contents/MacOS/firefox-bin
1484517355670	geckodriver::marionette	INFO	Connecting to Marionette on localhost:53284
[warn] kq_init: detected broken kqueue; not using.: Undefined error: 0
1484517357568	addons.manager	DEBUG	Application has been upgraded
1484517357737	addons.manager	DEBUG	Loaded provider scope for resource://gre/modules/addons/XPIProvider.jsm: ["XPIProvider"]
1484517357763	addons.manager	DEBUG	Loaded provider scope for resource://gre/modules/LightweightThemeManager.jsm: ["LightweightThemeManager"]
1484517357783	addons.manager	DEBUG	Loaded provider scope for resource://gre/modules/addons/GMPProvider.jsm
1484517357786	addons.manager	DEBUG	Loaded provider scope for resource://gre/modules/addons/PluginProvider.jsm
1484517357787	addons.manager	DEBUG	Starting provider: XPIProvider
1484517357788	addons.xpi	DEBUG	startup
1484517357789	addons.xpi	INFO	SystemAddonInstallLocation directory is missing
1484517357791	addons.xpi	INFO	Mapping aushelper@mozilla.org to /Applications/Firefox.app/Contents/Resources/browser/features/aushelper@mozilla.org.xpi
1484517357791	addons.xpi	INFO	Mapping e10srollout@mozilla.org to /Applications/Firefox.app/Contents/Resources/browser/features/e10srollout@mozilla.org.xpi
1484517357792	addons.xpi	INFO	Mapping firefox@getpocket.com to /Applications/Firefox.app/Contents/Resources/browser/features/firefox@getpocket.com.xpi
1484517357792	addons.xpi	INFO	Mapping webcompat@mozilla.org to /Applications/Firefox.app/Contents/Resources/browser/features/webcompat@mozilla.org.xpi
1484517357793	addons.xpi	INFO	Mapping {972ce4c6-7e08-4474-a285-3208198ce6fd} to /Applications/Firefox.app/Contents/Resources/browser/extensions/{972ce4c6-7e08-4474-a285-3208198ce6fd}.xpi
1484517357793	addons.xpi	DEBUG	checkForChanges
1484517357794	addons.xpi	DEBUG	Loaded add-on state from prefs: {}
1484517357795	addons.xpi	DEBUG	New add-on aushelper@mozilla.org in app-system-defaults
1484517357796	addons.xpi	DEBUG	getModTime: Recursive scan of aushelper@mozilla.org
1484517357797	addons.xpi	DEBUG	New add-on e10srollout@mozilla.org in app-system-defaults
1484517357797	addons.xpi	DEBUG	getModTime: Recursive scan of e10srollout@mozilla.org
1484517357797	addons.xpi	DEBUG	New add-on firefox@getpocket.com in app-system-defaults
1484517357798	addons.xpi	DEBUG	getModTime: Recursive scan of firefox@getpocket.com
1484517357799	addons.xpi	DEBUG	New add-on webcompat@mozilla.org in app-system-defaults
1484517357799	addons.xpi	DEBUG	getModTime: Recursive scan of webcompat@mozilla.org
1484517357800	addons.xpi	DEBUG	New add-on {972ce4c6-7e08-4474-a285-3208198ce6fd} in app-global
1484517357800	addons.xpi	DEBUG	getModTime: Recursive scan of {972ce4c6-7e08-4474-a285-3208198ce6fd}
1484517357801	addons.xpi	DEBUG	getInstallState changed: true, state: {"app-system-defaults":{"aushelper@mozilla.org":{"d":"/Applications/Firefox.app/Contents/Resources/browser/features/aushelper@mozilla.org.xpi","st":1481871394000},"e10srollout@mozilla.org":{"d":"/Applications/Firefox.app/Contents/Resources/browser/features/e10srollout@mozilla.org.xpi","st":1481871393000},"firefox@getpocket.com":{"d":"/Applications/Firefox.app/Contents/Resources/browser/features/firefox@getpocket.com.xpi","st":1481871393000},"webcompat@mozilla.org":{"d":"/Applications/Firefox.app/Contents/Resources/browser/features/webcompat@mozilla.org.xpi","st":1481871393000}},"app-global":{"{972ce4c6-7e08-4474-a285-3208198ce6fd}":{"d":"/Applications/Firefox.app/Contents/Resources/browser/extensions/{972ce4c6-7e08-4474-a285-3208198ce6fd}.xpi","st":1481871394000}}}
1484517357828	addons.xpi-utils	DEBUG	Opening XPI database /var/folders/d2/khk61l154lj3gwxrh6bldpr80000gn/T/rust_mozprofile.F9yITUwE1Dri/extensions.json
1484517357830	addons.xpi-utils	DEBUG	New add-on aushelper@mozilla.org installed in app-system-defaults
*** Blocklist::_loadBlocklistFromFile: blocklist is disabled
1484517357866	DeferredSave.extensions.json	DEBUG	Save changes
1484517357867	addons.xpi-utils	DEBUG	New add-on e10srollout@mozilla.org installed in app-system-defaults
1484517357884	DeferredSave.extensions.json	DEBUG	Starting timer
1484517357886	DeferredSave.extensions.json	DEBUG	Save changes
1484517357887	addons.xpi-utils	DEBUG	New add-on firefox@getpocket.com installed in app-system-defaults
1484517357912	DeferredSave.extensions.json	DEBUG	Save changes
1484517357912	addons.xpi-utils	DEBUG	New add-on webcompat@mozilla.org installed in app-system-defaults
1484517357922	DeferredSave.extensions.json	DEBUG	Save changes
1484517357923	addons.xpi-utils	DEBUG	New add-on {972ce4c6-7e08-4474-a285-3208198ce6fd} installed in app-global
1484517357929	DeferredSave.extensions.json	DEBUG	Save changes
1484517357930	addons.manager	DEBUG	Registering startup change 'installed' for aushelper@mozilla.org
1484517357938	addons.xpi	DEBUG	Loading bootstrap scope from /Applications/Firefox.app/Contents/Resources/browser/features/aushelper@mozilla.org.xpi
1484517357944	addons.xpi	DEBUG	Calling bootstrap method install on aushelper@mozilla.org version 1.0
1484517357944	addons.xpi-utils	DEBUG	Make addon app-system-defaults:aushelper@mozilla.org visible
1484517357945	DeferredSave.extensions.json	DEBUG	Save changes
1484517357946	addons.manager	DEBUG	Registering startup change 'installed' for e10srollout@mozilla.org
1484517357947	addons.xpi	DEBUG	Loading bootstrap scope from /Applications/Firefox.app/Contents/Resources/browser/features/e10srollout@mozilla.org.xpi
1484517357959	addons.xpi	DEBUG	Calling bootstrap method install on e10srollout@mozilla.org version 1.5
1484517357960	addons.xpi-utils	DEBUG	Make addon app-system-defaults:e10srollout@mozilla.org visible
1484517357961	DeferredSave.extensions.json	DEBUG	Save changes
1484517357961	addons.manager	DEBUG	Registering startup change 'installed' for firefox@getpocket.com
1484517357962	addons.xpi	DEBUG	Loading bootstrap scope from /Applications/Firefox.app/Contents/Resources/browser/features/firefox@getpocket.com.xpi
1484517357968	addons.xpi	DEBUG	Calling bootstrap method install on firefox@getpocket.com version 1.0.5
1484517357969	addons.xpi-utils	DEBUG	Make addon app-system-defaults:firefox@getpocket.com visible
1484517357969	DeferredSave.extensions.json	DEBUG	Save changes
1484517357969	addons.manager	DEBUG	Registering startup change 'installed' for webcompat@mozilla.org
1484517357970	addons.xpi	DEBUG	Loading bootstrap scope from /Applications/Firefox.app/Contents/Resources/browser/features/webcompat@mozilla.org.xpi
1484517357972	addons.xpi	DEBUG	Calling bootstrap method install on webcompat@mozilla.org version 1.0
1484517357972	addons.xpi-utils	DEBUG	Make addon app-system-defaults:webcompat@mozilla.org visible
1484517357973	DeferredSave.extensions.json	DEBUG	Save changes
1484517357973	addons.xpi-utils	DEBUG	Make addon app-global:{972ce4c6-7e08-4474-a285-3208198ce6fd} visible
1484517357973	DeferredSave.extensions.json	DEBUG	Save changes
1484517357974	addons.xpi	DEBUG	Updating XPIState for {"id":"aushelper@mozilla.org","syncGUID":"{90b50bab-c1b4-3742-9aeb-138f71234c5d}","location":"app-system-defaults","version":"1.0","type":"extension","internalName":null,"updateURL":null,"updateKey":null,"optionsURL":null,"optionsType":null,"aboutURL":null,"icons":{},"iconURL":null,"icon64URL":null,"defaultLocale":{"name":"Application Update Service Helper","description":"Sets value(s) in the update url based on custom checks.","creator":null,"homepageURL":null},"visible":true,"active":true,"userDisabled":false,"appDisabled":false,"descriptor":"/Applications/Firefox.app/Contents/Resources/browser/features/aushelper@mozilla.org.xpi","installDate":1481871394000,"updateDate":1481871394000,"applyBackgroundUpdates":1,"bootstrap":true,"skinnable":false,"size":5975,"sourceURI":null,"releaseNotesURI":null,"softDisabled":false,"foreignInstall":false,"hasBinaryComponents":false,"strictCompatibility":false,"locales":[],"targetApplications":[{"id":"{ec8030f7-c20a-464f-9b0e-13a3a9e97384}","minVersion":"50.1.0","maxVersion":"50.*"}],"targetPlatforms":[],"multiprocessCompatible":true,"seen":true}
1484517357974	addons.xpi	DEBUG	getModTime: Recursive scan of aushelper@mozilla.org
1484517357974	addons.xpi	DEBUG	Updating XPIState for {"id":"e10srollout@mozilla.org","syncGUID":"{f6ea7717-7930-7747-94c9-0172398cdb1b}","location":"app-system-defaults","version":"1.5","type":"extension","internalName":null,"updateURL":null,"updateKey":null,"optionsURL":null,"optionsType":null,"aboutURL":null,"icons":{},"iconURL":null,"icon64URL":null,"defaultLocale":{"name":"Multi-process staged rollout","description":"Staged rollout of Firefox multi-process feature.","creator":null,"homepageURL":null},"visible":true,"active":true,"userDisabled":false,"appDisabled":false,"descriptor":"/Applications/Firefox.app/Contents/Resources/browser/features/e10srollout@mozilla.org.xpi","installDate":1481871393000,"updateDate":1481871393000,"applyBackgroundUpdates":1,"bootstrap":true,"skinnable":false,"size":7210,"sourceURI":null,"releaseNotesURI":null,"softDisabled":false,"foreignInstall":false,"hasBinaryComponents":false,"strictCompatibility":false,"locales":[],"targetApplications":[{"id":"{ec8030f7-c20a-464f-9b0e-13a3a9e97384}","minVersion":"50.1.0","maxVersion":"50.*"}],"targetPlatforms":[],"multiprocessCompatible":false,"seen":true}
1484517357974	addons.xpi	DEBUG	getModTime: Recursive scan of e10srollout@mozilla.org
1484517357975	addons.xpi	DEBUG	Updating XPIState for {"id":"firefox@getpocket.com","syncGUID":"{33bcc4c1-a758-fe45-a05b-43ad966847ca}","location":"app-system-defaults","version":"1.0.5","type":"extension","internalName":null,"updateURL":null,"updateKey":null,"optionsURL":null,"optionsType":null,"aboutURL":null,"icons":{},"iconURL":null,"icon64URL":null,"defaultLocale":{"name":"Pocket","description":"When you find something you want to view later, put it in Pocket.","creator":null,"homepageURL":null},"visible":true,"active":true,"userDisabled":false,"appDisabled":false,"descriptor":"/Applications/Firefox.app/Contents/Resources/browser/features/firefox@getpocket.com.xpi","installDate":1481871393000,"updateDate":1481871393000,"applyBackgroundUpdates":1,"bootstrap":true,"skinnable":false,"size":917398,"sourceURI":null,"releaseNotesURI":null,"softDisabled":false,"foreignInstall":false,"hasBinaryComponents":false,"strictCompatibility":false,"locales":[],"targetApplications":[{"id":"{ec8030f7-c20a-464f-9b0e-13a3a9e97384}","minVersion":"50.1.0","maxVersion":"50.*"}],"targetPlatforms":[],"multiprocessCompatible":false,"seen":true}
1484517357975	addons.xpi	DEBUG	getModTime: Recursive scan of firefox@getpocket.com
1484517357975	addons.xpi	DEBUG	Updating XPIState for {"id":"webcompat@mozilla.org","syncGUID":"{0267afde-6f15-6044-a04c-9bd37ad30bf6}","location":"app-system-defaults","version":"1.0","type":"extension","internalName":null,"updateURL":null,"updateKey":null,"optionsURL":null,"optionsType":null,"aboutURL":null,"icons":{},"iconURL":null,"icon64URL":null,"defaultLocale":{"name":"Web Compat","description":"Urgent post-release fixes for web compatibility.","creator":null,"homepageURL":null},"visible":true,"active":true,"userDisabled":false,"appDisabled":false,"descriptor":"/Applications/Firefox.app/Contents/Resources/browser/features/webcompat@mozilla.org.xpi","installDate":1481871393000,"updateDate":1481871393000,"applyBackgroundUpdates":1,"bootstrap":true,"skinnable":false,"size":1502,"sourceURI":null,"releaseNotesURI":null,"softDisabled":false,"foreignInstall":false,"hasBinaryComponents":false,"strictCompatibility":false,"locales":[],"targetApplications":[{"id":"{ec8030f7-c20a-464f-9b0e-13a3a9e97384}","minVersion":"50.1.0","maxVersion":"50.*"}],"targetPlatforms":[],"multiprocessCompatible":false,"seen":true}
1484517357976	addons.xpi	DEBUG	getModTime: Recursive scan of webcompat@mozilla.org
1484517357976	addons.xpi	DEBUG	Updating XPIState for {"id":"{972ce4c6-7e08-4474-a285-3208198ce6fd}","syncGUID":"{682f8eb3-c00d-9f4a-a22e-66378978b6c6}","location":"app-global","version":"50.1.0","type":"theme","internalName":"classic/1.0","updateURL":null,"updateKey":null,"optionsURL":null,"optionsType":null,"aboutURL":null,"icons":{"32":"icon.png","48":"icon.png"},"iconURL":null,"icon64URL":null,"defaultLocale":{"name":"Default","description":"The default theme.","creator":"Mozilla","homepageURL":null,"contributors":["Mozilla Contributors"]},"visible":true,"active":true,"userDisabled":false,"appDisabled":false,"descriptor":"/Applications/Firefox.app/Contents/Resources/browser/extensions/{972ce4c6-7e08-4474-a285-3208198ce6fd}.xpi","installDate":1481871394000,"updateDate":1481871394000,"applyBackgroundUpdates":1,"skinnable":true,"size":6856,"sourceURI":null,"releaseNotesURI":null,"softDisabled":false,"foreignInstall":false,"hasBinaryComponents":false,"strictCompatibility":true,"locales":[],"targetApplications":[{"id":"{ec8030f7-c20a-464f-9b0e-13a3a9e97384}","minVersion":"50.1.0","maxVersion":"50.1.0"}],"targetPlatforms":[],"seen":true}
1484517357976	addons.xpi	DEBUG	getModTime: Recursive scan of {972ce4c6-7e08-4474-a285-3208198ce6fd}
1484517357977	DeferredSave.extensions.json	DEBUG	Save changes
1484517357978	addons.xpi	DEBUG	Updating database with changes to installed add-ons
1484517357978	addons.xpi-utils	DEBUG	Updating add-on states
1484517357979	addons.xpi-utils	DEBUG	Writing add-ons list
1484517357981	addons.xpi	DEBUG	Registering manifest for /Applications/Firefox.app/Contents/Resources/browser/features/aushelper@mozilla.org.xpi
1484517357981	addons.xpi	DEBUG	Calling bootstrap method startup on aushelper@mozilla.org version 1.0
1484517357981	addons.xpi	DEBUG	Registering manifest for /Applications/Firefox.app/Contents/Resources/browser/features/e10srollout@mozilla.org.xpi
1484517357982	addons.xpi	DEBUG	Calling bootstrap method startup on e10srollout@mozilla.org version 1.5
1484517357982	addons.xpi	DEBUG	Registering manifest for /Applications/Firefox.app/Contents/Resources/browser/features/firefox@getpocket.com.xpi
1484517357983	addons.xpi	DEBUG	Calling bootstrap method startup on firefox@getpocket.com version 1.0.5
1484517357985	addons.xpi	DEBUG	Registering manifest for /Applications/Firefox.app/Contents/Resources/browser/features/webcompat@mozilla.org.xpi
1484517357986	addons.xpi	DEBUG	Calling bootstrap method startup on webcompat@mozilla.org version 1.0
1484517357989	addons.manager	DEBUG	Registering shutdown blocker for XPIProvider
1484517357990	addons.manager	DEBUG	Provider finished startup: XPIProvider
1484517357990	addons.manager	DEBUG	Starting provider: LightweightThemeManager
1484517357990	addons.manager	DEBUG	Registering shutdown blocker for LightweightThemeManager
1484517357991	addons.manager	DEBUG	Provider finished startup: LightweightThemeManager
1484517357991	addons.manager	DEBUG	Starting provider: GMPProvider
1484517358003	addons.manager	DEBUG	Registering shutdown blocker for GMPProvider
1484517358003	addons.manager	DEBUG	Provider finished startup: GMPProvider
1484517358004	addons.manager	DEBUG	Starting provider: PluginProvider
1484517358004	addons.manager	DEBUG	Registering shutdown blocker for PluginProvider
1484517358004	addons.manager	DEBUG	Provider finished startup: PluginProvider
1484517358005	addons.manager	DEBUG	Completed startup sequence
1484517358377	Marionette	INFO	Listening on port 53284
1484517358936	addons.manager	DEBUG	Starting provider: <unnamed-provider>
1484517358936	addons.manager	DEBUG	Registering shutdown blocker for <unnamed-provider>
1484517358937	addons.manager	DEBUG	Provider finished startup: <unnamed-provider>
1484517359124	addons.manager	DEBUG	Starting provider: PreviousExperimentProvider
1484517359125	addons.manager	DEBUG	Registering shutdown blocker for PreviousExperimentProvider
1484517359127	addons.manager	DEBUG	Provider finished startup: PreviousExperimentProvider
1484517359133	DeferredSave.extensions.json	DEBUG	Starting write
1484517359419	DeferredSave.extensions.json	DEBUG	Write succeeded
1484517359420	addons.xpi-utils	DEBUG	XPI Database saved, setting schema version preference to 17
[warn] kq_init: detected broken kqueue; not using.: Undefined error: 0
JavaScript error: https://eas.admin.uillinois.edu/eas/servlet/EasLogin?redirect=https://webprod.admin.uillinois.edu/ssa/servlet/SelfServiceLogin?appName=edu.uillinois.aits.iBuyHelper, line 164: TypeError: ftu is null
JavaScript warning: https://solutions.sciquest.com/apps/Router/PhoenixJavaScript?OrgId=30000055&UserId=3925392&country=US&language=en&UIStyle=5&AccessibilityMode=false&lastBuildTime=1483716163000, line 1888: unreachable code after return statement
JavaScript warning: https://solutions.sciquest.com/app_docs/3rdPartyLibraries/jQuery/jquery-1.9.1.min.js?lastBuildTime=1483716163000, line 1: Using //@ to indicate sourceMappingURL pragmas is deprecated. Use //# instead
JavaScript warning: https://solutions.sciquest.com/apps/Router/PhoenixJavaScript?OrgId=30000055&UserId=3925392&country=US&language=en&UIStyle=5&AccessibilityMode=false&lastBuildTime=1483716163000, line 1888: unreachable code after return statement
JavaScript warning: https://solutions.sciquest.com/app_docs/3rdPartyLibraries/jQuery/jquery-1.9.1.min.js?lastBuildTime=1483716163000, line 1: Using //@ to indicate sourceMappingURL pragmas is deprecated. Use //# instead
JavaScript warning: https://solutions.sciquest.com/apps/Router/PhoenixJavaScript?OrgId=30000055&UserId=3925392&country=US&language=en&UIStyle=5&AccessibilityMode=false&lastBuildTime=1483716163000, line 1888: unreachable code after return statement
JavaScript warning: https://solutions.sciquest.com/app_docs/3rdPartyLibraries/jQuery/jquery-1.9.1.min.js?lastBuildTime=1483716163000, line 1: Using //@ to indicate sourceMappingURL pragmas is deprecated. Use //# instead
JavaScript warning: https://solutions.sciquest.com/apps/Router/PhoenixJavaScript?OrgId=30000055&UserId=3925392&country=US&language=en&UIStyle=5&AccessibilityMode=false&lastBuildTime=1483716163000, line 1888: unreachable code after return statement
JavaScript warning: https://solutions.sciquest.com/app_docs/3rdPartyLibraries/jQuery/jquery-1.9.1.min.js?lastBuildTime=1483716163000, line 1: Using //@ to indicate sourceMappingURL pragmas is deprecated. Use //# instead
JavaScript warning: https://solutions.sciquest.com/apps/Router/PhoenixJavaScript?OrgId=30000055&UserId=3925392&country=US&language=en&UIStyle=5&AccessibilityMode=false&lastBuildTime=1483716163000, line 1888: unreachable code after return statement
JavaScript warning: https://solutions.sciquest.com/app_docs/3rdPartyLibraries/jQuery/jquery-1.9.1.min.js?lastBuildTime=1483716163000, line 1: Using //@ to indicate sourceMappingURL pragmas is deprecated. Use //# instead
JavaScript warning: https://solutions.sciquest.com/apps/Router/PhoenixJavaScript?OrgId=30000055&UserId=3925392&country=US&language=en&UIStyle=5&AccessibilityMode=false&lastBuildTime=1483716163000, line 1888: unreachable code after return statement
JavaScript warning: https://solutions.sciquest.com/app_docs/3rdPartyLibraries/jQuery/jquery-1.9.1.min.js?lastBuildTime=1483716163000, line 1: Using //@ to indicate sourceMappingURL pragmas is deprecated. Use //# instead
JavaScript warning: https://solutions.sciquest.com/apps/Router/PhoenixJavaScript?OrgId=30000055&UserId=3925392&country=US&language=en&UIStyle=5&AccessibilityMode=false&lastBuildTime=1483716163000, line 1888: unreachable code after return statement
JavaScript warning: https://solutions.sciquest.com/app_docs/3rdPartyLibraries/jQuery/jquery-1.9.1.min.js?lastBuildTime=1483716163000, line 1: Using //@ to indicate sourceMappingURL pragmas is deprecated. Use //# instead
JavaScript warning: https://solutions.sciquest.com/apps/Router/PhoenixJavaScript?OrgId=30000055&UserId=3925392&country=US&language=en&UIStyle=5&AccessibilityMode=false&lastBuildTime=1483716163000, line 1888: unreachable code after return statement
JavaScript warning: https://solutions.sciquest.com/app_docs/3rdPartyLibraries/jQuery/jquery-1.9.1.min.js?lastBuildTime=1483716163000, line 1: Using //@ to indicate sourceMappingURL pragmas is deprecated. Use //# instead
JavaScript warning: https://solutions.sciquest.com/apps/Router/PhoenixJavaScript?OrgId=30000055&UserId=3925392&country=US&language=en&UIStyle=5&AccessibilityMode=false&lastBuildTime=1483716163000, line 1888: unreachable code after return statement
JavaScript warning: https://solutions.sciquest.com/app_docs/3rdPartyLibraries/jQuery/jquery-1.9.1.min.js?lastBuildTime=1483716163000, line 1: Using //@ to indicate sourceMappingURL pragmas is deprecated. Use //# instead
JavaScript warning: https://solutions.sciquest.com/apps/Router/PhoenixJavaScript?OrgId=30000055&UserId=3925392&country=US&language=en&UIStyle=5&AccessibilityMode=false&lastBuildTime=1483716163000, line 1888: unreachable code after return statement
JavaScript warning: https://solutions.sciquest.com/app_docs/3rdPartyLibraries/jQuery/jquery-1.9.1.min.js?lastBuildTime=1483716163000, line 1: Using //@ to indicate sourceMappingURL pragmas is deprecated. Use //# instead
1484517408922	addons.xpi	DEBUG	Calling bootstrap method shutdown on aushelper@mozilla.org version 1.0
1484517408923	addons.xpi	DEBUG	Calling bootstrap method shutdown on e10srollout@mozilla.org version 1.5
1484517408923	addons.xpi	DEBUG	Calling bootstrap method shutdown on firefox@getpocket.com version 1.0.5
1484517408924	addons.xpi	DEBUG	Calling bootstrap method shutdown on webcompat@mozilla.org version 1.0
1484517409834	addons.manager	DEBUG	shutdown
1484517409834	addons.manager	DEBUG	Calling shutdown blocker for XPIProvider
1484517409835	addons.xpi	DEBUG	shutdown
1484517409835	addons.xpi-utils	DEBUG	shutdown
1484517409835	addons.manager	DEBUG	Calling shutdown blocker for LightweightThemeManager
1484517409836	addons.manager	DEBUG	Calling shutdown blocker for GMPProvider
1484517409840	addons.manager	DEBUG	Calling shutdown blocker for PluginProvider
1484517409841	addons.manager	DEBUG	Calling shutdown blocker for <unnamed-provider>
1484517409843	addons.manager	DEBUG	Calling shutdown blocker for PreviousExperimentProvider
1484517409850	addons.xpi	DEBUG	Notifying XPI shutdown observers
1484517409859	addons.manager	DEBUG	Async provider shutdown done
